# JRE version: Java(TM) SE Runtime Environment (8.0_72-b15) (build 1.8.0_72-b15)
# Java VM: Java HotSpot(TM) 64-Bit Server VM (25.72-b15 mixed mode windows-amd64 compressed oops)
Heap:
 PSYoungGen      total 154624K, used 61754K [0x00000000e0000000, 0x00000000ea880000, 0x0000000100000000)
  eden space 142848K, 34% used [0x00000000e0000000,0x00000000e30d1760,0x00000000e8b80000)
  from space 11776K, 99% used [0x00000000e9980000,0x00000000ea4fd368,0x00000000ea500000)
  to   space 14336K, 0% used [0x00000000e8b80000,0x00000000e8b80000,0x00000000e9980000)
 ParOldGen       total 103936K, used 19356K [0x00000000a0000000, 0x00000000a6580000, 0x00000000e0000000)
  object space 103936K, 18% used [0x00000000a0000000,0x00000000a12e7230,0x00000000a6580000)
 Metaspace       used 49340K, capacity 50672K, committed 50944K, reserved 1093632K
  class space    used 6781K, capacity 7076K, committed 7168K, reserved 1048576K
GC Heap History (10 events):
Event: 5.377 GC heap before
{Heap before GC invocations=8 (full 1):
 PSYoungGen      total 93184K, used 91893K [0x00000000e0000000, 0x00000000e6900000, 0x0000000100000000)
  eden space 86016K, 100% used [0x00000000e0000000,0x00000000e5400000,0x00000000e5400000)
  from space 7168K, 81% used [0x00000000e6200000,0x00000000e67bd590,0x00000000e6900000)
  to   space 10752K, 0% used [0x00000000e5400000,0x00000000e5400000,0x00000000e5e80000)
 ParOldGen       total 69120K, used 11617K [0x00000000a0000000, 0x00000000a4380000, 0x00000000e0000000)
  object space 69120K, 16% used [0x00000000a0000000,0x00000000a0b58498,0x00000000a4380000)
 Metaspace       used 33290K, capacity 34016K, committed 34304K, reserved 1079296K
  class space    used 4591K, capacity 4791K, committed 4864K, reserved 1048576K
Event: 5.389 GC heap after
Heap after GC invocations=8 (full 1):
 PSYoungGen      total 96768K, used 10016K [0x00000000e0000000, 0x00000000e8680000, 0x0000000100000000)
  eden space 86016K, 0% used [0x00000000e0000000,0x00000000e0000000,0x00000000e5400000)
  from space 10752K, 93% used [0x00000000e5400000,0x00000000e5dc8390,0x00000000e5e80000)
  to   space 11776K, 0% used [0x00000000e7b00000,0x00000000e7b00000,0x00000000e8680000)
 ParOldGen       total 69120K, used 11625K [0x00000000a0000000, 0x00000000a4380000, 0x00000000e0000000)
  object space 69120K, 16% used [0x00000000a0000000,0x00000000a0b5a498,0x00000000a4380000)
 Metaspace       used 33290K, capacity 34016K, committed 34304K, reserved 1079296K
  class space    used 4591K, capacity 4791K, committed 4864K, reserved 1048576K
}
Event: 5.518 GC heap before
{Heap before GC invocations=9 (full 1):
 PSYoungGen      total 96768K, used 30873K [0x00000000e0000000, 0x00000000e8680000, 0x0000000100000000)
  eden space 86016K, 24% used [0x00000000e0000000,0x00000000e145e3e8,0x00000000e5400000)
  from space 10752K, 93% used [0x00000000e5400000,0x00000000e5dc8390,0x00000000e5e80000)
  to   space 11776K, 0% used [0x00000000e7b00000,0x00000000e7b00000,0x00000000e8680000)
 ParOldGen       total 69120K, used 11625K [0x00000000a0000000, 0x00000000a4380000, 0x00000000e0000000)
  object space 69120K, 16% used [0x00000000a0000000,0x00000000a0b5a498,0x00000000a4380000)
 Metaspace       used 34616K, capacity 35332K, committed 35456K, reserved 1079296K
  class space    used 4774K, capacity 4989K, committed 4992K, reserved 1048576K
Event: 5.524 GC heap after
Heap after GC invocations=9 (full 1):
 PSYoungGen      total 126464K, used 7799K [0x00000000e0000000, 0x00000000e9080000, 0x0000000100000000)
  eden space 114688K, 0% used [0x00000000e0000000,0x00000000e0000000,0x00000000e7000000)
  from space 11776K, 66% used [0x00000000e7b00000,0x00000000e829dfd8,0x00000000e8680000)
  to   space 11264K, 0% used [0x00000000e7000000,0x00000000e7000000,0x00000000e7b00000)
 ParOldGen       total 69120K, used 11705K [0x00000000a0000000, 0x00000000a4380000, 0x00000000e0000000)
  object space 69120K, 16% used [0x00000000a0000000,0x00000000a0b6e4c0,0x00000000a4380000)
 Metaspace       used 34616K, capacity 35332K, committed 35456K, reserved 1079296K
  class space    used 4774K, capacity 4989K, committed 4992K, reserved 1048576K
}
Event: 5.524 GC heap before
{Heap before GC invocations=10 (full 2):
 PSYoungGen      total 126464K, used 7799K [0x00000000e0000000, 0x00000000e9080000, 0x0000000100000000)
  eden space 114688K, 0% used [0x00000000e0000000,0x00000000e0000000,0x00000000e7000000)
  from space 11776K, 66% used [0x00000000e7b00000,0x00000000e829dfd8,0x00000000e8680000)
  to   space 11264K, 0% used [0x00000000e7000000,0x00000000e7000000,0x00000000e7b00000)
 ParOldGen       total 69120K, used 11705K [0x00000000a0000000, 0x00000000a4380000, 0x00000000e0000000)
  object space 69120K, 16% used [0x00000000a0000000,0x00000000a0b6e4c0,0x00000000a4380000)
 Metaspace       used 34616K, capacity 35332K, committed 35456K, reserved 1079296K
  class space    used 4774K, capacity 4989K, committed 4992K, reserved 1048576K
Event: 5.593 GC heap after
Heap after GC invocations=10 (full 2):
 PSYoungGen      total 126464K, used 0K [0x00000000e0000000, 0x00000000e9080000, 0x0000000100000000)
  eden space 114688K, 0% used [0x00000000e0000000,0x00000000e0000000,0x00000000e7000000)
  from space 11776K, 0% used [0x00000000e7b00000,0x00000000e7b00000,0x00000000e8680000)
  to   space 11264K, 0% used [0x00000000e7000000,0x00000000e7000000,0x00000000e7b00000)
 ParOldGen       total 103936K, used 15520K [0x00000000a0000000, 0x00000000a6580000, 0x00000000e0000000)
  object space 103936K, 14% used [0x00000000a0000000,0x00000000a0f28210,0x00000000a6580000)
 Metaspace       used 34616K, capacity 35332K, committed 35456K, reserved 1079296K
  class space    used 4774K, capacity 4989K, committed 4992K, reserved 1048576K
}
Event: 6.417 GC heap before
{Heap before GC invocations=11 (full 2):
 PSYoungGen      total 126464K, used 114688K [0x00000000e0000000, 0x00000000e9080000, 0x0000000100000000)
  eden space 114688K, 100% used [0x00000000e0000000,0x00000000e7000000,0x00000000e7000000)
  from space 11776K, 0% used [0x00000000e7b00000,0x00000000e7b00000,0x00000000e8680000)
  to   space 11264K, 0% used [0x00000000e7000000,0x00000000e7000000,0x00000000e7b00000)
 ParOldGen       total 103936K, used 15520K [0x00000000a0000000, 0x00000000a6580000, 0x00000000e0000000)
  object space 103936K, 14% used [0x00000000a0000000,0x00000000a0f28210,0x00000000a6580000)
 Metaspace       used 41955K, capacity 42936K, committed 43136K, reserved 1087488K
  class space    used 5736K, capacity 6000K, committed 6016K, reserved 1048576K
Event: 6.423 GC heap after
Heap after GC invocations=11 (full 2):
 PSYoungGen      total 125952K, used 9641K [0x00000000e0000000, 0x00000000ea500000, 0x0000000100000000)
  eden space 114688K, 0% used [0x00000000e0000000,0x00000000e0000000,0x00000000e7000000)
  from space 11264K, 85% used [0x00000000e7000000,0x00000000e796a7d8,0x00000000e7b00000)
  to   space 11776K, 0% used [0x00000000e9980000,0x00000000e9980000,0x00000000ea500000)
 ParOldGen       total 103936K, used 15592K [0x00000000a0000000, 0x00000000a6580000, 0x00000000e0000000)
  object space 103936K, 15% used [0x00000000a0000000,0x00000000a0f3a220,0x00000000a6580000)
 Metaspace       used 41955K, capacity 42936K, committed 43136K, reserved 1087488K
  class space    used 5736K, capacity 6000K, committed 6016K, reserved 1048576K
}
Event: 8.199 GC heap before
{Heap before GC invocations=12 (full 2):
 PSYoungGen      total 125952K, used 124329K [0x00000000e0000000, 0x00000000ea500000, 0x0000000100000000)
  eden space 114688K, 100% used [0x00000000e0000000,0x00000000e7000000,0x00000000e7000000)
  from space 11264K, 85% used [0x00000000e7000000,0x00000000e796a7d8,0x00000000e7b00000)
  to   space 11776K, 0% used [0x00000000e9980000,0x00000000e9980000,0x00000000ea500000)
 ParOldGen       total 103936K, used 15592K [0x00000000a0000000, 0x00000000a6580000, 0x00000000e0000000)
  object space 103936K, 15% used [0x00000000a0000000,0x00000000a0f3a220,0x00000000a6580000)
 Metaspace       used 46343K, capacity 47694K, committed 48000K, reserved 1091584K
  class space    used 6370K, capacity 6681K, committed 6784K, reserved 1048576K
Event: 8.217 GC heap after
Heap after GC invocations=12 (full 2):
 PSYoungGen      total 154624K, used 11764K [0x00000000e0000000, 0x00000000ea880000, 0x0000000100000000)
  eden space 142848K, 0% used [0x00000000e0000000,0x00000000e0000000,0x00000000e8b80000)
  from space 11776K, 99% used [0x00000000e9980000,0x00000000ea4fd368,0x00000000ea500000)
  to   space 14336K, 0% used [0x00000000e8b80000,0x00000000e8b80000,0x00000000e9980000)
 ParOldGen       total 103936K, used 19356K [0x00000000a0000000, 0x00000000a6580000, 0x00000000e0000000)
  object space 103936K, 18% used [0x00000000a0000000,0x00000000a12e7230,0x00000000a6580000)
 Metaspace       used 46343K, capacity 47694K, committed 48000K, reserved 1091584K
  class space    used 6370K, capacity 6681K, committed 6784K, reserved 1048576K
}

