# JRE version: Java(TM) SE Runtime Environment (8.0_72-b15) (build 1.8.0_72-b15)
# Java VM: Java HotSpot(TM) 64-Bit Server VM (25.72-b15 mixed mode windows-amd64 compressed oops)
Heap:
 PSYoungGen      total 98304K, used 88006K [0x00000000eab00000, 0x00000000f1900000, 0x0000000100000000)
  eden space 87040K, 91% used [0x00000000eab00000,0x00000000ef90fd70,0x00000000f0000000)
  from space 11264K, 71% used [0x00000000f0b00000,0x00000000f12e1ca8,0x00000000f1600000)
  to   space 11264K, 0% used [0x00000000f0000000,0x00000000f0000000,0x00000000f0b00000)
 ParOldGen       total 114176K, used 15468K [0x00000000c0000000, 0x00000000c6f80000, 0x00000000eab00000)
  object space 114176K, 13% used [0x00000000c0000000,0x00000000c0f1b160,0x00000000c6f80000)
 Metaspace       used 46958K, capacity 48288K, committed 48512K, reserved 1091584K
  class space    used 6465K, capacity 6774K, committed 6784K, reserved 1048576K
GC Heap History (10 events):
Event: 6.207 GC heap before
{Heap before GC invocations=10 (full 1):
 PSYoungGen      total 68096K, used 65280K [0x00000000eab00000, 0x00000000ef980000, 0x0000000100000000)
  eden space 60928K, 100% used [0x00000000eab00000,0x00000000ee680000,0x00000000ee680000)
  from space 7168K, 60% used [0x00000000ef280000,0x00000000ef6c0020,0x00000000ef980000)
  to   space 9728K, 0% used [0x00000000ee680000,0x00000000ee680000,0x00000000ef000000)
 ParOldGen       total 69632K, used 8714K [0x00000000c0000000, 0x00000000c4400000, 0x00000000eab00000)
  object space 69632K, 12% used [0x00000000c0000000,0x00000000c0882a80,0x00000000c4400000)
 Metaspace       used 33288K, capacity 33986K, committed 34304K, reserved 1079296K
  class space    used 4590K, capacity 4786K, committed 4864K, reserved 1048576K
Event: 6.219 GC heap after
Heap after GC invocations=10 (full 1):
 PSYoungGen      total 70656K, used 9717K [0x00000000eab00000, 0x00000000f0a00000, 0x0000000100000000)
  eden space 60928K, 0% used [0x00000000eab00000,0x00000000eab00000,0x00000000ee680000)
  from space 9728K, 99% used [0x00000000ee680000,0x00000000eeffd700,0x00000000ef000000)
  to   space 11264K, 0% used [0x00000000eff00000,0x00000000eff00000,0x00000000f0a00000)
 ParOldGen       total 69632K, used 8730K [0x00000000c0000000, 0x00000000c4400000, 0x00000000eab00000)
  object space 69632K, 12% used [0x00000000c0000000,0x00000000c0886a80,0x00000000c4400000)
 Metaspace       used 33288K, capacity 33986K, committed 34304K, reserved 1079296K
  class space    used 4590K, capacity 4786K, committed 4864K, reserved 1048576K
}
Event: 6.695 GC heap before
{Heap before GC invocations=11 (full 1):
 PSYoungGen      total 70656K, used 32249K [0x00000000eab00000, 0x00000000f0a00000, 0x0000000100000000)
  eden space 60928K, 36% used [0x00000000eab00000,0x00000000ec100e00,0x00000000ee680000)
  from space 9728K, 99% used [0x00000000ee680000,0x00000000eeffd700,0x00000000ef000000)
  to   space 11264K, 0% used [0x00000000eff00000,0x00000000eff00000,0x00000000f0a00000)
 ParOldGen       total 69632K, used 8730K [0x00000000c0000000, 0x00000000c4400000, 0x00000000eab00000)
  object space 69632K, 12% used [0x00000000c0000000,0x00000000c0886a80,0x00000000c4400000)
 Metaspace       used 34643K, capacity 35366K, committed 35456K, reserved 1079296K
  class space    used 4769K, capacity 4984K, committed 4992K, reserved 1048576K
Event: 6.701 GC heap after
Heap after GC invocations=11 (full 1):
 PSYoungGen      total 84992K, used 7843K [0x00000000eab00000, 0x00000000f0980000, 0x0000000100000000)
  eden space 74240K, 0% used [0x00000000eab00000,0x00000000eab00000,0x00000000ef380000)
  from space 10752K, 72% used [0x00000000eff00000,0x00000000f06a8fd8,0x00000000f0980000)
  to   space 11264K, 0% used [0x00000000ef380000,0x00000000ef380000,0x00000000efe80000)
 ParOldGen       total 69632K, used 8738K [0x00000000c0000000, 0x00000000c4400000, 0x00000000eab00000)
  object space 69632K, 12% used [0x00000000c0000000,0x00000000c0888a80,0x00000000c4400000)
 Metaspace       used 34643K, capacity 35366K, committed 35456K, reserved 1079296K
  class space    used 4769K, capacity 4984K, committed 4992K, reserved 1048576K
}
Event: 6.701 GC heap before
{Heap before GC invocations=12 (full 2):
 PSYoungGen      total 84992K, used 7843K [0x00000000eab00000, 0x00000000f0980000, 0x0000000100000000)
  eden space 74240K, 0% used [0x00000000eab00000,0x00000000eab00000,0x00000000ef380000)
  from space 10752K, 72% used [0x00000000eff00000,0x00000000f06a8fd8,0x00000000f0980000)
  to   space 11264K, 0% used [0x00000000ef380000,0x00000000ef380000,0x00000000efe80000)
 ParOldGen       total 69632K, used 8738K [0x00000000c0000000, 0x00000000c4400000, 0x00000000eab00000)
  object space 69632K, 12% used [0x00000000c0000000,0x00000000c0888a80,0x00000000c4400000)
 Metaspace       used 34643K, capacity 35366K, committed 35456K, reserved 1079296K
  class space    used 4769K, capacity 4984K, committed 4992K, reserved 1048576K
Event: 6.861 GC heap after
Heap after GC invocations=12 (full 2):
 PSYoungGen      total 84992K, used 0K [0x00000000eab00000, 0x00000000f0980000, 0x0000000100000000)
  eden space 74240K, 0% used [0x00000000eab00000,0x00000000eab00000,0x00000000ef380000)
  from space 10752K, 0% used [0x00000000eff00000,0x00000000eff00000,0x00000000f0980000)
  to   space 11264K, 0% used [0x00000000ef380000,0x00000000ef380000,0x00000000efe80000)
 ParOldGen       total 114176K, used 15388K [0x00000000c0000000, 0x00000000c6f80000, 0x00000000eab00000)
  object space 114176K, 13% used [0x00000000c0000000,0x00000000c0f07150,0x00000000c6f80000)
 Metaspace       used 34643K, capacity 35366K, committed 35456K, reserved 1079296K
  class space    used 4769K, capacity 4984K, committed 4992K, reserved 1048576K
}
Event: 8.332 GC heap before
{Heap before GC invocations=13 (full 2):
 PSYoungGen      total 84992K, used 74240K [0x00000000eab00000, 0x00000000f0980000, 0x0000000100000000)
  eden space 74240K, 100% used [0x00000000eab00000,0x00000000ef380000,0x00000000ef380000)
  from space 10752K, 0% used [0x00000000eff00000,0x00000000eff00000,0x00000000f0980000)
  to   space 11264K, 0% used [0x00000000ef380000,0x00000000ef380000,0x00000000efe80000)
 ParOldGen       total 114176K, used 15388K [0x00000000c0000000, 0x00000000c6f80000, 0x00000000eab00000)
  object space 114176K, 13% used [0x00000000c0000000,0x00000000c0f07150,0x00000000c6f80000)
 Metaspace       used 41674K, capacity 42542K, committed 42880K, reserved 1085440K
  class space    used 5715K, capacity 5961K, committed 6016K, reserved 1048576K
Event: 8.343 GC heap after
Heap after GC invocations=13 (full 2):
 PSYoungGen      total 85504K, used 8135K [0x00000000eab00000, 0x00000000f1600000, 0x0000000100000000)
  eden space 74240K, 0% used [0x00000000eab00000,0x00000000eab00000,0x00000000ef380000)
  from space 11264K, 72% used [0x00000000ef380000,0x00000000efb71e88,0x00000000efe80000)
  to   space 11264K, 0% used [0x00000000f0b00000,0x00000000f0b00000,0x00000000f1600000)
 ParOldGen       total 114176K, used 15396K [0x00000000c0000000, 0x00000000c6f80000, 0x00000000eab00000)
  object space 114176K, 13% used [0x00000000c0000000,0x00000000c0f09150,0x00000000c6f80000)
 Metaspace       used 41674K, capacity 42542K, committed 42880K, reserved 1085440K
  class space    used 5715K, capacity 5961K, committed 6016K, reserved 1048576K
}
Event: 8.690 GC heap before
{Heap before GC invocations=14 (full 2):
 PSYoungGen      total 85504K, used 82375K [0x00000000eab00000, 0x00000000f1600000, 0x0000000100000000)
  eden space 74240K, 100% used [0x00000000eab00000,0x00000000ef380000,0x00000000ef380000)
  from space 11264K, 72% used [0x00000000ef380000,0x00000000efb71e88,0x00000000efe80000)
  to   space 11264K, 0% used [0x00000000f0b00000,0x00000000f0b00000,0x00000000f1600000)
 ParOldGen       total 114176K, used 15396K [0x00000000c0000000, 0x00000000c6f80000, 0x00000000eab00000)
  object space 114176K, 13% used [0x00000000c0000000,0x00000000c0f09150,0x00000000c6f80000)
 Metaspace       used 42004K, capacity 42874K, committed 43136K, reserved 1087488K
  class space    used 5726K, capacity 5963K, committed 6016K, reserved 1048576K
Event: 8.702 GC heap after
Heap after GC invocations=14 (full 2):
 PSYoungGen      total 98304K, used 8071K [0x00000000eab00000, 0x00000000f1900000, 0x0000000100000000)
  eden space 87040K, 0% used [0x00000000eab00000,0x00000000eab00000,0x00000000f0000000)
  from space 11264K, 71% used [0x00000000f0b00000,0x00000000f12e1ca8,0x00000000f1600000)
  to   space 11264K, 0% used [0x00000000f0000000,0x00000000f0000000,0x00000000f0b00000)
 ParOldGen       total 114176K, used 15468K [0x00000000c0000000, 0x00000000c6f80000, 0x00000000eab00000)
  object space 114176K, 13% used [0x00000000c0000000,0x00000000c0f1b160,0x00000000c6f80000)
 Metaspace       used 42004K, capacity 42874K, committed 43136K, reserved 1087488K
  class space    used 5726K, capacity 5963K, committed 6016K, reserved 1048576K
}

