# JRE version: Java(TM) SE Runtime Environment (8.0_72-b15) (build 1.8.0_72-b15)
# Java VM: Java HotSpot(TM) 64-Bit Server VM (25.72-b15 mixed mode windows-amd64 compressed oops)
Heap:
 PSYoungGen      total 175104K, used 112167K [0x00000000e0000000, 0x00000000ef580000, 0x0000000100000000)
  eden space 151552K, 74% used [0x00000000e0000000,0x00000000e6d89ca0,0x00000000e9400000)
  from space 23552K, 0% used [0x00000000e9400000,0x00000000e9400000,0x00000000eab00000)
  to   space 23552K, 0% used [0x00000000ede80000,0x00000000ede80000,0x00000000ef580000)
 ParOldGen       total 81408K, used 51224K [0x00000000a0000000, 0x00000000a4f80000, 0x00000000e0000000)
  object space 81408K, 62% used [0x00000000a0000000,0x00000000a3206148,0x00000000a4f80000)
 Metaspace       used 67759K, capacity 70392K, committed 70656K, reserved 1110016K
  class space    used 9074K, capacity 9605K, committed 9728K, reserved 1048576K
GC Heap History (10 events):
Event: 697.231 GC heap before
{Heap before GC invocations=19 (full 3):
 PSYoungGen      total 177664K, used 177385K [0x00000000e0000000, 0x00000000ec180000, 0x0000000100000000)
  eden space 163328K, 100% used [0x00000000e0000000,0x00000000e9f80000,0x00000000e9f80000)
  from space 14336K, 98% used [0x00000000ea580000,0x00000000eb33a420,0x00000000eb380000)
  to   space 14336K, 0% used [0x00000000eb380000,0x00000000eb380000,0x00000000ec180000)
 ParOldGen       total 81408K, used 43322K [0x00000000a0000000, 0x00000000a4f80000, 0x00000000e0000000)
  object space 81408K, 53% used [0x00000000a0000000,0x00000000a2a4e8b0,0x00000000a4f80000)
 Metaspace       used 65246K, capacity 67688K, committed 67968K, reserved 1107968K
  class space    used 8743K, capacity 9277K, committed 9344K, reserved 1048576K
Event: 697.246 GC heap after
Heap after GC invocations=19 (full 3):
 PSYoungGen      total 172032K, used 14324K [0x00000000e0000000, 0x00000000ec800000, 0x0000000100000000)
  eden space 157696K, 0% used [0x00000000e0000000,0x00000000e0000000,0x00000000e9a00000)
  from space 14336K, 99% used [0x00000000eb380000,0x00000000ec17d118,0x00000000ec180000)
  to   space 23552K, 0% used [0x00000000e9a00000,0x00000000e9a00000,0x00000000eb100000)
 ParOldGen       total 81408K, used 56274K [0x00000000a0000000, 0x00000000a4f80000, 0x00000000e0000000)
  object space 81408K, 69% used [0x00000000a0000000,0x00000000a36f48b8,0x00000000a4f80000)
 Metaspace       used 65246K, capacity 67688K, committed 67968K, reserved 1107968K
  class space    used 8743K, capacity 9277K, committed 9344K, reserved 1048576K
}
Event: 697.937 GC heap before
{Heap before GC invocations=20 (full 3):
 PSYoungGen      total 172032K, used 171589K [0x00000000e0000000, 0x00000000ec800000, 0x0000000100000000)
  eden space 157696K, 99% used [0x00000000e0000000,0x00000000e99945a8,0x00000000e9a00000)
  from space 14336K, 99% used [0x00000000eb380000,0x00000000ec17d118,0x00000000ec180000)
  to   space 23552K, 0% used [0x00000000e9a00000,0x00000000e9a00000,0x00000000eb100000)
 ParOldGen       total 81408K, used 56274K [0x00000000a0000000, 0x00000000a4f80000, 0x00000000e0000000)
  object space 81408K, 69% used [0x00000000a0000000,0x00000000a36f48b8,0x00000000a4f80000)
 Metaspace       used 67360K, capacity 69882K, committed 70016K, reserved 1110016K
  class space    used 9033K, capacity 9566K, committed 9600K, reserved 1048576K
Event: 697.944 GC heap after
Heap after GC invocations=20 (full 3):
 PSYoungGen      total 164352K, used 12158K [0x00000000e0000000, 0x00000000ec180000, 0x0000000100000000)
  eden space 152064K, 0% used [0x00000000e0000000,0x00000000e0000000,0x00000000e9480000)
  from space 12288K, 98% used [0x00000000e9a00000,0x00000000ea5dfa40,0x00000000ea600000)
  to   space 23040K, 0% used [0x00000000eab00000,0x00000000eab00000,0x00000000ec180000)
 ParOldGen       total 81408K, used 62749K [0x00000000a0000000, 0x00000000a4f80000, 0x00000000e0000000)
  object space 81408K, 77% used [0x00000000a0000000,0x00000000a3d47400,0x00000000a4f80000)
 Metaspace       used 67360K, capacity 69882K, committed 70016K, reserved 1110016K
  class space    used 9033K, capacity 9566K, committed 9600K, reserved 1048576K
}
Event: 697.955 GC heap before
{Heap before GC invocations=21 (full 3):
 PSYoungGen      total 164352K, used 163456K [0x00000000e0000000, 0x00000000ec180000, 0x0000000100000000)
  eden space 152064K, 99% used [0x00000000e0000000,0x00000000e93c0920,0x00000000e9480000)
  from space 12288K, 98% used [0x00000000e9a00000,0x00000000ea5dfa40,0x00000000ea600000)
  to   space 23040K, 0% used [0x00000000eab00000,0x00000000eab00000,0x00000000ec180000)
 ParOldGen       total 81408K, used 62749K [0x00000000a0000000, 0x00000000a4f80000, 0x00000000e0000000)
  object space 81408K, 77% used [0x00000000a0000000,0x00000000a3d47400,0x00000000a4f80000)
 Metaspace       used 67367K, capacity 69882K, committed 70016K, reserved 1110016K
  class space    used 9033K, capacity 9566K, committed 9600K, reserved 1048576K
Event: 697.958 GC heap after
Heap after GC invocations=21 (full 3):
 PSYoungGen      total 174592K, used 96K [0x00000000e0000000, 0x00000000ef580000, 0x0000000100000000)
  eden space 151552K, 0% used [0x00000000e0000000,0x00000000e0000000,0x00000000e9400000)
  from space 23040K, 0% used [0x00000000eab00000,0x00000000eab18000,0x00000000ec180000)
  to   space 23552K, 0% used [0x00000000e9400000,0x00000000e9400000,0x00000000eab00000)
 ParOldGen       total 81408K, used 64439K [0x00000000a0000000, 0x00000000a4f80000, 0x00000000e0000000)
  object space 81408K, 79% used [0x00000000a0000000,0x00000000a3eedc80,0x00000000a4f80000)
 Metaspace       used 67367K, capacity 69882K, committed 70016K, reserved 1110016K
  class space    used 9033K, capacity 9566K, committed 9600K, reserved 1048576K
}
Event: 698.079 GC heap before
{Heap before GC invocations=22 (full 3):
 PSYoungGen      total 174592K, used 12362K [0x00000000e0000000, 0x00000000ef580000, 0x0000000100000000)
  eden space 151552K, 8% used [0x00000000e0000000,0x00000000e0bfa940,0x00000000e9400000)
  from space 23040K, 0% used [0x00000000eab00000,0x00000000eab18000,0x00000000ec180000)
  to   space 23552K, 0% used [0x00000000e9400000,0x00000000e9400000,0x00000000eab00000)
 ParOldGen       total 81408K, used 64439K [0x00000000a0000000, 0x00000000a4f80000, 0x00000000e0000000)
  object space 81408K, 79% used [0x00000000a0000000,0x00000000a3eedc80,0x00000000a4f80000)
 Metaspace       used 67479K, capacity 69992K, committed 70272K, reserved 1110016K
  class space    used 9053K, capacity 9577K, committed 9600K, reserved 1048576K
Event: 698.081 GC heap after
Heap after GC invocations=22 (full 3):
 PSYoungGen      total 175104K, used 160K [0x00000000e0000000, 0x00000000ef580000, 0x0000000100000000)
  eden space 151552K, 0% used [0x00000000e0000000,0x00000000e0000000,0x00000000e9400000)
  from space 23552K, 0% used [0x00000000e9400000,0x00000000e9428000,0x00000000eab00000)
  to   space 23552K, 0% used [0x00000000ede80000,0x00000000ede80000,0x00000000ef580000)
 ParOldGen       total 81408K, used 64463K [0x00000000a0000000, 0x00000000a4f80000, 0x00000000e0000000)
  object space 81408K, 79% used [0x00000000a0000000,0x00000000a3ef3c80,0x00000000a4f80000)
 Metaspace       used 67479K, capacity 69992K, committed 70272K, reserved 1110016K
  class space    used 9053K, capacity 9577K, committed 9600K, reserved 1048576K
}
Event: 698.081 GC heap before
{Heap before GC invocations=23 (full 4):
 PSYoungGen      total 175104K, used 160K [0x00000000e0000000, 0x00000000ef580000, 0x0000000100000000)
  eden space 151552K, 0% used [0x00000000e0000000,0x00000000e0000000,0x00000000e9400000)
  from space 23552K, 0% used [0x00000000e9400000,0x00000000e9428000,0x00000000eab00000)
  to   space 23552K, 0% used [0x00000000ede80000,0x00000000ede80000,0x00000000ef580000)
 ParOldGen       total 81408K, used 64463K [0x00000000a0000000, 0x00000000a4f80000, 0x00000000e0000000)
  object space 81408K, 79% used [0x00000000a0000000,0x00000000a3ef3c80,0x00000000a4f80000)
 Metaspace       used 67479K, capacity 69992K, committed 70272K, reserved 1110016K
  class space    used 9053K, capacity 9577K, committed 9600K, reserved 1048576K
Event: 698.402 GC heap after
Heap after GC invocations=23 (full 4):
 PSYoungGen      total 175104K, used 0K [0x00000000e0000000, 0x00000000ef580000, 0x0000000100000000)
  eden space 151552K, 0% used [0x00000000e0000000,0x00000000e0000000,0x00000000e9400000)
  from space 23552K, 0% used [0x00000000e9400000,0x00000000e9400000,0x00000000eab00000)
  to   space 23552K, 0% used [0x00000000ede80000,0x00000000ede80000,0x00000000ef580000)
 ParOldGen       total 81408K, used 51224K [0x00000000a0000000, 0x00000000a4f80000, 0x00000000e0000000)
  object space 81408K, 62% used [0x00000000a0000000,0x00000000a3206148,0x00000000a4f80000)
 Metaspace       used 67477K, capacity 69986K, committed 70272K, reserved 1110016K
  class space    used 9052K, capacity 9576K, committed 9600K, reserved 1048576K
}

